<?xml version="1.0" encoding="UTF-8"?>
<!-- Generated by org.testng.reporters.JUnitReportReporter -->
<testsuite hostname="DESKTOP-NKE301C" failures="0" tests="1" name="Play.demojack" time="17.602" errors="0" timestamp="2023-01-20T16:06:53 IST" skipped="0">
  <testcase classname="Play.demojack" name="Navigate" time="17.602"/>
  <system-out>
    <![CDATA[The Logged-in Page title is eOTD | ECCMA Open Technical Dictionary]]>
  </system-out>
</testsuite> <!-- Play.demojack -->
