<?xml version="1.0" encoding="UTF-8"?>
<!-- Generated by org.testng.reporters.JUnitReportReporter -->
<testsuite hostname="DESKTOP-NKE301C" failures="0" tests="1" name="Test_MembershipArea.eOTD" time="149.825" errors="0" timestamp="27 Jan 2023 10:02:18 GMT">
  <testcase classname="Test_MembershipArea.eOTD" name="Navigate" time="149.825"/>
</testsuite> <!-- Test_MembershipArea.eOTD -->
