<?xml version="1.0" encoding="UTF-8"?>
<!-- Generated by org.testng.reporters.JUnitReportReporter -->
<testsuite hostname="DESKTOP-NKE301C" failures="0" tests="1" name="Publications.URL" time="8.717" errors="0" timestamp="28 Feb 2023 04:42:39 GMT">
  <testcase classname="Publications.URL" name="URLrun" time="8.717"/>
</testsuite> <!-- Publications.URL -->
