<?xml version="1.0" encoding="UTF-8"?>
<!-- Generated by org.testng.reporters.JUnitReportReporter -->
<testsuite hostname="DESKTOP-NKE301C" failures="0" tests="2" name="Publications.SearchAuthor" time="10.147" errors="0" timestamp="27 Feb 2023 13:13:16 GMT">
  <testcase classname="Publications.SearchAuthor" name="feed" time="1.303"/>
  <testcase classname="Publications.SearchAuthor" name="URL" time="8.844"/>
</testsuite> <!-- Publications.SearchAuthor -->
