<?xml version="1.0" encoding="UTF-8"?>
<!-- Generated by org.testng.reporters.JUnitReportReporter -->
<testsuite hostname="DESKTOP-NKE301C" failures="0" tests="2" name="Publications.dropdown" time="10.299" errors="0" timestamp="27 Feb 2023 12:26:16 GMT">
  <testcase classname="Publications.dropdown" name="drpdown" time="0.739"/>
  <testcase classname="Publications.dropdown" name="URL" time="9.560"/>
</testsuite> <!-- Publications.dropdown -->
