<?xml version="1.0" encoding="UTF-8"?>
<!-- Generated by org.testng.reporters.JUnitReportReporter -->
<testsuite hostname="DESKTOP-NKE301C" failures="0" tests="3" name="Test_Form.Membership_Form" time="436.204" errors="0" timestamp="23 Jan 2023 11:00:59 GMT">
  <testcase classname="Test_Form.Membership_Form" name="ddfeed" time="111.281"/>
  <testcase classname="Test_Form.Membership_Form" name="Navigate" time="12.202"/>
  <testcase classname="Test_Form.Membership_Form" name="textfeed" time="312.721"/>
</testsuite> <!-- Test_Form.Membership_Form -->
