<?xml version="1.0" encoding="UTF-8"?>
<!-- Generated by org.testng.reporters.JUnitReportReporter -->
<testsuite hostname="DESKTOP-NKE301C" failures="0" tests="5" name="Requestor.Error_Cach" time="25.892" errors="0" timestamp="2023-02-20T10:33:05 IST" skipped="0">
  <testcase classname="Requestor.Error_Cach" name="urlrun" time="5.067"/>
  <system-out>
    <![CDATA[The Title of the page is Supplier Onboarding - LOGIN ]]>
  </system-out>
  <testcase classname="Requestor.Error_Cach" name="login" time="14.473"/>
  <system-out/>
  <testcase classname="Requestor.Error_Cach" name="selectuserbutton" time="5.867"/>
  <system-out/>
  <testcase classname="Requestor.Error_Cach" name="submit" time="0.241"/>
  <system-out/>
  <testcase classname="Requestor.Error_Cach" name="collectandcheck" time="0.244"/>
  <system-out/>
</testsuite> <!-- Requestor.Error_Cach -->
