<?xml version="1.0" encoding="UTF-8"?>
<!-- Generated by org.testng.reporters.JUnitReportReporter -->
<testsuite hostname="DESKTOP-NKE301C" failures="0" tests="5" name="Requestor.allpush" time="52.080" errors="0" timestamp="2023-02-16T18:17:30 IST" skipped="0">
  <testcase classname="Requestor.allpush" name="urlrun" time="6.275"/>
  <system-out>
    <![CDATA[The Title of the page is Supplier Onboarding - LOGIN ]]>
  </system-out>
  <testcase classname="Requestor.allpush" name="login" time="15.303"/>
  <system-out/>
  <testcase classname="Requestor.allpush" name="selectuserbutton" time="6.520"/>
  <system-out/>
  <testcase classname="Requestor.allpush" name="typeisdropdown" time="22.506"/>
  <system-out/>
  <testcase classname="Requestor.allpush" name="typeistextbox" time="1.476"/>
  <system-out/>
</testsuite> <!-- Requestor.allpush -->
