<?xml version="1.0" encoding="UTF-8"?>
<!-- Generated by org.testng.reporters.JUnitReportReporter -->
<testsuite hostname="DESKTOP-NKE301C" failures="0" tests="3" name="Requestor.BrowserClass" time="78.357" errors="0" timestamp="2023-02-15T15:25:13 IST" skipped="0">
  <testcase classname="Requestor.BrowserClass" name="urlrun" time="4.644"/>
  <system-out>
    <![CDATA[The Title of the page is Supplier Onboarding - LOGIN ]]>
  </system-out>
  <testcase classname="Requestor.BrowserClass" name="login" time="15.448"/>
  <system-out/>
  <testcase classname="Requestor.BrowserClass" name="selectuserbutton" time="58.265"/>
  <system-out/>
</testsuite> <!-- Requestor.BrowserClass -->
